[33m2025-10-09 21:10:51 warn: SECURITY WARNING: Debug authentication routes are enabled[39m
[33m2025-10-09 21:10:51 warn: Debug authentication routes are enabled - these should NOT be used in production![39m
[32m2025-10-09 21:10:52 info: Server running on http://0.0.0.0:5000[39m
[32m2025-10-09 21:10:58 info: MongoDB connected[39m
[32m2025-10-09 21:11:12 info: Login attempt for: sa***@gmail.com[39m
[32m2025-10-09 21:11:12 info: Successful login for customer: sa***@gmail.com[39m
[33m2025-10-09 21:12:08 warn: token: [REDACTED] invalid signature[39m
[33m2025-10-09 21:12:08 warn: token: [REDACTED] invalid signature[39m
[33m2025-10-09 21:12:12 warn: token: [REDACTED] invalid signature[39m
[33m2025-10-09 21:12:12 warn: token: [REDACTED] invalid signature[39m
[33m2025-10-09 21:12:14 warn: token: [REDACTED] invalid signature[39m
[33m2025-10-09 21:12:14 warn: token: [REDACTED] invalid signature[39m
[33m2025-10-09 21:12:15 warn: token: [REDACTED] invalid signature[39m
[33m2025-10-09 21:12:15 warn: token: [REDACTED] invalid signature[39m
[33m2025-10-09 21:12:16 warn: token: [REDACTED] invalid signature[39m
[33m2025-10-09 21:12:16 warn: token: [REDACTED] invalid signature[39m
[33m2025-10-09 21:12:17 warn: token: [REDACTED] invalid signature[39m
[33m2025-10-09 21:12:17 warn: token: [REDACTED] invalid signature[39m
[33m2025-10-09 21:15:20 warn: token: [REDACTED] invalid signature[39m
[33m2025-10-09 21:15:20 warn: token: [REDACTED] invalid signature[39m
[33m2025-10-09 21:39:35 warn: SECURITY WARNING: Debug authentication routes are enabled[39m
[33m2025-10-09 21:39:35 warn: Debug authentication routes are enabled - these should NOT be used in production![39m
[32m2025-10-09 21:39:35 info: Server running on http://0.0.0.0:5000[39m
[31m2025-10-09 21:39:35 error: MongoDB connection error: querySrv ECONNREFUSED _mongodb._tcp.cluster0.fbbgiqu.mongodb.net[39m
[33m2025-10-09 21:44:34 warn: SECURITY WARNING: Debug authentication routes are enabled[39m
[33m2025-10-09 21:44:34 warn: Debug authentication routes are enabled - these should NOT be used in production![39m
[32m2025-10-09 21:44:34 info: Server running on http://0.0.0.0:5000[39m
[32m2025-10-09 21:44:35 info: MongoDB connected[39m
[32m2025-10-09 21:45:17 info: Successful login for owner: sa***@gmail.com[39m
[32m2025-10-09 21:45:18 info: Successful login for owner: sa***@gmail.com[39m
[32m2025-10-09 21:45:19 info: Successful login for owner: sa***@gmail.com[39m
[32m2025-10-09 21:45:19 info: Successful login for owner: sa***@gmail.com[39m
[32m2025-10-09 21:45:19 info: Successful login for owner: sa***@gmail.com[39m
[32m2025-10-09 21:45:19 info: Successful login for owner: sa***@gmail.com[39m
[32m2025-10-09 21:45:20 info: Successful login for owner: sa***@gmail.com[39m
[33m2025-10-09 21:55:54 warn: SECURITY WARNING: Debug authentication routes are enabled[39m
[33m2025-10-09 21:55:54 warn: Debug authentication routes are enabled - these should NOT be used in production![39m
[32m2025-10-09 21:55:54 info: Server running on http://0.0.0.0:5000[39m
[32m2025-10-09 21:55:55 info: MongoDB connected[39m
[34m2025-10-09 22:02:15 debug: GET /api/auth/debug-auth - Origin: http://localhost:3001 - Cookie: Present[39m
[32m2025-10-09 22:02:15 info: Debug auth endpoint called[39m
[31m2025-10-09 22:02:15 error: token: [REDACTED] invalid signature[39m
[34m2025-10-09 22:02:15 debug: GET /api/auth/debug-auth - Origin: http://localhost:3001 - Cookie: Present[39m
[32m2025-10-09 22:02:15 info: Debug auth endpoint called[39m
[31m2025-10-09 22:02:15 error: token: [REDACTED] invalid signature[39m
[34m2025-10-09 22:02:15 debug: GET /api/auth/me - Origin: http://localhost:3001 - Cookie: Present[39m
[33m2025-10-09 22:02:15 warn: token: [REDACTED] invalid signature, path: /me, method: GET[39m
[34m2025-10-09 22:02:15 debug: GET /api/auth/me - Origin: http://localhost:3001 - Cookie: Present[39m
[33m2025-10-09 22:02:15 warn: token: [REDACTED] invalid signature, path: /me, method: GET[39m
[34m2025-10-09 22:02:15 debug: POST /api/auth/logout - Origin: http://localhost:3001 - Cookie: Present[39m
[32m2025-10-09 22:02:15 info: Owner logged out[39m
[34m2025-10-09 22:02:15 debug: POST /api/auth/logout - Origin: http://localhost:3001 - Cookie: Present[39m
[32m2025-10-09 22:02:15 info: Owner logged out[39m
[34m2025-10-09 22:02:16 debug: GET /api/auth/debug-auth - Origin: http://localhost:3001 - Cookie: Present[39m
[32m2025-10-09 22:02:16 info: Debug auth endpoint called[39m
[34m2025-10-09 22:02:17 debug: POST /api/auth/login - Origin: http://localhost:3001 - Cookie: Present[39m
[32m2025-10-09 22:02:17 info: Successful login for owner: sa***@gmail.com[39m
[34m2025-10-09 22:02:17 debug: GET /api/auth/debug-auth - Origin: http://localhost:3001 - Cookie: Present[39m
[32m2025-10-09 22:02:17 info: Debug auth endpoint called[39m
[31m2025-10-09 22:02:17 error: token: [REDACTED] invalid signature[39m
[34m2025-10-09 22:02:17 debug: GET /api/auth/me - Origin: http://localhost:3001 - Cookie: Present[39m
[34m2025-10-09 22:02:17 debug: GET /api/auth/me - Origin: http://localhost:3001 - Cookie: Present[39m
[34m2025-10-09 22:02:20 debug: GET /api/owner/restaurants - Origin: http://localhost:3001 - Cookie: Present[39m
[34m2025-10-09 22:02:20 debug: GET /api/owner/restaurants - Origin: http://localhost:3001 - Cookie: Present[39m
[34m2025-10-09 22:02:22 debug: GET /api/auth/debug-auth - Origin: http://localhost:3001 - Cookie: Present[39m
[32m2025-10-09 22:02:22 info: Debug auth endpoint called[39m
[31m2025-10-09 22:02:22 error: token: [REDACTED] invalid signature[39m
[34m2025-10-09 22:02:22 debug: GET /api/auth/debug-auth - Origin: http://localhost:3001 - Cookie: Present[39m
[32m2025-10-09 22:02:22 info: Debug auth endpoint called[39m
[31m2025-10-09 22:02:22 error: token: [REDACTED] invalid signature[39m
[34m2025-10-09 22:02:22 debug: GET /api/auth/me - Origin: http://localhost:3001 - Cookie: Present[39m
[34m2025-10-09 22:02:22 debug: GET /api/auth/me - Origin: http://localhost:3001 - Cookie: Present[39m
[34m2025-10-09 22:02:22 debug: GET /api/auth/me - Origin: http://localhost:3001 - Cookie: Present[39m
[34m2025-10-09 22:02:22 debug: GET /api/auth/me - Origin: http://localhost:3001 - Cookie: Present[39m
[34m2025-10-09 22:02:23 debug: GET /api/auth/debug-auth - Origin: http://localhost:3001 - Cookie: Present[39m
[32m2025-10-09 22:02:23 info: Debug auth endpoint called[39m
[31m2025-10-09 22:02:23 error: token: [REDACTED] invalid signature[39m
[34m2025-10-09 22:02:23 debug: GET /api/auth/debug-auth - Origin: http://localhost:3001 - Cookie: Present[39m
[32m2025-10-09 22:02:23 info: Debug auth endpoint called[39m
[31m2025-10-09 22:02:23 error: token: [REDACTED] invalid signature[39m
[34m2025-10-09 22:02:24 debug: GET /api/auth/me - Origin: http://localhost:3001 - Cookie: Present[39m
[34m2025-10-09 22:02:24 debug: GET /api/auth/me - Origin: http://localhost:3001 - Cookie: Present[39m
[34m2025-10-09 22:02:24 debug: GET /api/auth/me - Origin: http://localhost:3001 - Cookie: Present[39m
[34m2025-10-09 22:02:24 debug: GET /api/auth/me - Origin: http://localhost:3001 - Cookie: Present[39m
[34m2025-10-09 22:02:24 debug: GET /api/auth/debug-auth - Origin: http://localhost:3001 - Cookie: Present[39m
[32m2025-10-09 22:02:24 info: Debug auth endpoint called[39m
[31m2025-10-09 22:02:24 error: token: [REDACTED] invalid signature[39m
[34m2025-10-09 22:02:24 debug: GET /api/auth/debug-auth - Origin: http://localhost:3001 - Cookie: Present[39m
[32m2025-10-09 22:02:24 info: Debug auth endpoint called[39m
[31m2025-10-09 22:02:24 error: token: [REDACTED] invalid signature[39m
[34m2025-10-09 22:02:24 debug: GET /api/auth/me - Origin: http://localhost:3001 - Cookie: Present[39m
[34m2025-10-09 22:02:25 debug: GET /api/auth/me - Origin: http://localhost:3001 - Cookie: Present[39m
[34m2025-10-09 22:02:25 debug: GET /api/auth/debug-auth - Origin: http://localhost:3001 - Cookie: Present[39m
[32m2025-10-09 22:02:25 info: Debug auth endpoint called[39m
[31m2025-10-09 22:02:25 error: token: [REDACTED] invalid signature[39m
[34m2025-10-09 22:02:25 debug: GET /api/auth/debug-auth - Origin: http://localhost:3001 - Cookie: Present[39m
[32m2025-10-09 22:02:25 info: Debug auth endpoint called[39m
[31m2025-10-09 22:02:25 error: token: [REDACTED] invalid signature[39m
[34m2025-10-09 22:02:25 debug: GET /api/auth/me - Origin: http://localhost:3001 - Cookie: Present[39m
[34m2025-10-09 22:02:25 debug: GET /api/auth/me - Origin: http://localhost:3001 - Cookie: Present[39m
[34m2025-10-09 22:02:25 debug: GET /api/auth/me - Origin: http://localhost:3001 - Cookie: Present[39m
[34m2025-10-09 22:02:25 debug: GET /api/auth/debug-auth - Origin: http://localhost:3001 - Cookie: Present[39m
[32m2025-10-09 22:02:25 info: Debug auth endpoint called[39m
[31m2025-10-09 22:02:25 error: token: [REDACTED] invalid signature[39m
[34m2025-10-09 22:02:25 debug: GET /api/auth/debug-auth - Origin: http://localhost:3001 - Cookie: Present[39m
[32m2025-10-09 22:02:25 info: Debug auth endpoint called[39m
[31m2025-10-09 22:02:25 error: token: [REDACTED] invalid signature[39m
[34m2025-10-09 22:02:25 debug: GET /api/auth/me - Origin: http://localhost:3001 - Cookie: Present[39m
[34m2025-10-09 22:02:25 debug: GET /api/auth/me - Origin: http://localhost:3001 - Cookie: Present[39m
[34m2025-10-09 22:02:25 debug: GET /api/auth/debug-auth - Origin: http://localhost:3001 - Cookie: Present[39m
[32m2025-10-09 22:02:25 info: Debug auth endpoint called[39m
[31m2025-10-09 22:02:25 error: token: [REDACTED] invalid signature[39m
[34m2025-10-09 22:02:25 debug: GET /api/auth/debug-auth - Origin: http://localhost:3001 - Cookie: Present[39m
[32m2025-10-09 22:02:25 info: Debug auth endpoint called[39m
[31m2025-10-09 22:02:25 error: token: [REDACTED] invalid signature[39m
[34m2025-10-09 22:02:25 debug: GET /api/auth/me - Origin: http://localhost:3001 - Cookie: Present[39m
[34m2025-10-09 22:02:25 debug: GET /api/auth/me - Origin: http://localhost:3001 - Cookie: Present[39m
[34m2025-10-09 22:02:26 debug: GET /api/auth/debug-auth - Origin: http://localhost:3001 - Cookie: Present[39m
[32m2025-10-09 22:02:26 info: Debug auth endpoint called[39m
[31m2025-10-09 22:02:26 error: token: [REDACTED] invalid signature[39m
[34m2025-10-09 22:02:26 debug: GET /api/auth/debug-auth - Origin: http://localhost:3001 - Cookie: Present[39m
[32m2025-10-09 22:02:26 info: Debug auth endpoint called[39m
[31m2025-10-09 22:02:26 error: token: [REDACTED] invalid signature[39m
[34m2025-10-09 22:02:26 debug: GET /api/auth/me - Origin: http://localhost:3001 - Cookie: Present[39m
[34m2025-10-09 22:02:26 debug: GET /api/auth/me - Origin: http://localhost:3001 - Cookie: Present[39m
[34m2025-10-09 22:02:26 debug: GET /api/auth/me - Origin: http://localhost:3001 - Cookie: Present[39m
[34m2025-10-09 22:02:26 debug: GET /api/auth/me - Origin: http://localhost:3001 - Cookie: Present[39m
[34m2025-10-09 22:04:22 debug: GET /api/auth/debug-auth - Origin: http://localhost:3001 - Cookie: Present[39m
[32m2025-10-09 22:04:22 info: Debug auth endpoint called[39m
[31m2025-10-09 22:04:22 error: token: [REDACTED] invalid signature[39m
[34m2025-10-09 22:04:22 debug: GET /api/auth/debug-auth - Origin: http://localhost:3001 - Cookie: Present[39m
[32m2025-10-09 22:04:22 info: Debug auth endpoint called[39m
[31m2025-10-09 22:04:22 error: token: [REDACTED] invalid signature[39m
[34m2025-10-09 22:04:22 debug: GET /api/auth/me - Origin: http://localhost:3001 - Cookie: Present[39m
[34m2025-10-09 22:04:22 debug: GET /api/auth/me - Origin: http://localhost:3001 - Cookie: Present[39m
[34m2025-10-09 22:04:23 debug: GET /api/auth/me - Origin: http://localhost:3001 - Cookie: Present[39m
[34m2025-10-09 22:04:23 debug: GET /api/auth/me - Origin: http://localhost:3001 - Cookie: Present[39m
[34m2025-10-09 22:04:44 debug: GET /api/auth/debug-auth - Origin: http://localhost:3001 - Cookie: Present[39m
[32m2025-10-09 22:04:44 info: Debug auth endpoint called[39m
[31m2025-10-09 22:04:44 error: token: [REDACTED] invalid signature[39m
[34m2025-10-09 22:04:44 debug: GET /api/auth/me - Origin: http://localhost:3001 - Cookie: Present[39m
[34m2025-10-09 22:05:09 debug: GET /api/auth/debug-auth - Origin: http://localhost:3001 - Cookie: Present[39m
[32m2025-10-09 22:05:09 info: Debug auth endpoint called[39m
[31m2025-10-09 22:05:09 error: token: [REDACTED] invalid signature[39m
[34m2025-10-09 22:05:09 debug: GET /api/auth/me - Origin: http://localhost:3001 - Cookie: Present[39m
[34m2025-10-09 22:05:09 debug: GET /api/auth/me - Origin: http://localhost:3001 - Cookie: Present[39m
[34m2025-10-09 22:05:10 debug: GET /api/auth/me - Origin: http://localhost:3001 - Cookie: Present[39m
[34m2025-10-09 22:06:52 debug: GET /api/auth/debug-auth - Origin: http://localhost:3001 - Cookie: Present[39m
[32m2025-10-09 22:06:52 info: Debug auth endpoint called[39m
[31m2025-10-09 22:06:52 error: token: [REDACTED] invalid signature[39m
[34m2025-10-09 22:06:52 debug: GET /api/auth/me - Origin: http://localhost:3001 - Cookie: Present[39m
[34m2025-10-09 22:06:53 debug: GET /api/auth/me - Origin: http://localhost:3001 - Cookie: Present[39m
[34m2025-10-09 22:06:53 debug: GET /api/auth/me - Origin: http://localhost:3001 - Cookie: Present[39m
[34m2025-10-09 22:09:10 debug: GET /api/auth/debug-auth - Origin: http://localhost:3001 - Cookie: Present[39m
[32m2025-10-09 22:09:10 info: Debug auth endpoint called[39m
[31m2025-10-09 22:09:10 error: token: [REDACTED] invalid signature[39m
[34m2025-10-09 22:09:10 debug: GET /api/auth/me - Origin: http://localhost:3001 - Cookie: Present[39m
[34m2025-10-09 22:09:11 debug: GET /api/auth/me - Origin: http://localhost:3001 - Cookie: Present[39m
[34m2025-10-09 22:09:11 debug: GET /api/auth/me - Origin: http://localhost:3001 - Cookie: Present[39m
[33m2025-10-09 22:36:46 warn: SECURITY WARNING: Debug authentication routes are enabled[39m
[33m2025-10-09 22:36:46 warn: Debug authentication routes are enabled - these should NOT be used in production![39m
[32m2025-10-09 22:36:46 info: Server running on http://0.0.0.0:5000[39m
[32m2025-10-09 22:36:47 info: MongoDB connected[39m
[34m2025-10-09 22:37:23 debug: GET /api/auth/debug-auth - Origin: http://localhost:3001 - Cookie: Present[39m
[32m2025-10-09 22:37:23 info: Debug auth endpoint called[39m
[34m2025-10-09 22:37:23 debug: GET /api/auth/debug-auth - Origin: http://localhost:3001 - Cookie: Present[39m
[32m2025-10-09 22:37:23 info: Debug auth endpoint called[39m
[34m2025-10-09 22:37:23 debug: GET /api/auth/me - Origin: http://localhost:3001 - Cookie: Present[39m
[34m2025-10-09 22:37:23 debug: GET /api/auth/me - Origin: http://localhost:3001 - Cookie: Present[39m
[34m2025-10-09 22:37:26 debug: POST /api/auth/logout - Origin: http://localhost:3001 - Cookie: Present[39m
[32m2025-10-09 22:37:26 info: Owner logged out[39m
[34m2025-10-09 22:37:26 debug: POST /api/auth/logout - Origin: http://localhost:3001 - Cookie: Present[39m
[32m2025-10-09 22:37:26 info: Owner logged out[39m
[34m2025-10-09 22:37:27 debug: GET /api/auth/debug-auth - Origin: http://localhost:3001 - Cookie: Present[39m
[32m2025-10-09 22:37:27 info: Debug auth endpoint called[39m
[34m2025-10-09 22:37:27 debug: GET /api/auth/debug-auth - Origin: http://localhost:3001 - Cookie: Present[39m
[32m2025-10-09 22:37:27 info: Debug auth endpoint called[39m
[34m2025-10-09 22:37:27 debug: GET /api/auth/me - Origin: http://localhost:3001 - Cookie: Present[39m
[34m2025-10-09 22:37:27 debug: GET /api/auth/me - Origin: http://localhost:3001 - Cookie: Present[39m
[34m2025-10-09 22:37:27 debug: POST /api/auth/logout - Origin: http://localhost:3001 - Cookie: Present[39m
[32m2025-10-09 22:37:27 info: Owner logged out[39m
[34m2025-10-09 22:37:28 debug: GET /api/auth/debug-auth - Origin: http://localhost:3001 - Cookie: Present[39m
[32m2025-10-09 22:37:28 info: Debug auth endpoint called[39m
[34m2025-10-09 22:37:28 debug: GET /api/auth/debug-auth - Origin: http://localhost:3001 - Cookie: Present[39m
[32m2025-10-09 22:37:28 info: Debug auth endpoint called[39m
[34m2025-10-09 22:37:28 debug: GET /api/auth/me - Origin: http://localhost:3001 - Cookie: Present[39m
[34m2025-10-09 22:37:28 debug: GET /api/auth/me - Origin: http://localhost:3001 - Cookie: Present[39m
[34m2025-10-09 22:37:28 debug: POST /api/auth/logout - Origin: http://localhost:3001 - Cookie: Present[39m
[32m2025-10-09 22:37:28 info: Owner logged out[39m
[34m2025-10-09 22:37:28 debug: GET /api/auth/debug-auth - Origin: http://localhost:3001 - Cookie: Present[39m
[32m2025-10-09 22:37:28 info: Debug auth endpoint called[39m
[34m2025-10-09 22:37:28 debug: GET /api/auth/debug-auth - Origin: http://localhost:3001 - Cookie: Present[39m
[32m2025-10-09 22:37:28 info: Debug auth endpoint called[39m
[34m2025-10-09 22:37:28 debug: GET /api/auth/me - Origin: http://localhost:3001 - Cookie: Present[39m
[34m2025-10-09 22:37:28 debug: GET /api/auth/me - Origin: http://localhost:3001 - Cookie: Present[39m
[34m2025-10-09 22:37:28 debug: GET /api/auth/debug-auth - Origin: http://localhost:3001 - Cookie: Present[39m
[32m2025-10-09 22:37:28 info: Debug auth endpoint called[39m
[34m2025-10-09 22:37:28 debug: GET /api/auth/debug-auth - Origin: http://localhost:3001 - Cookie: Present[39m
[32m2025-10-09 22:37:28 info: Debug auth endpoint called[39m
[34m2025-10-09 22:37:28 debug: GET /api/auth/me - Origin: http://localhost:3001 - Cookie: Present[39m
[34m2025-10-09 22:37:28 debug: GET /api/auth/me - Origin: http://localhost:3001 - Cookie: Present[39m
[34m2025-10-09 22:37:28 debug: POST /api/auth/logout - Origin: http://localhost:3001 - Cookie: Present[39m
[32m2025-10-09 22:37:28 info: Owner logged out[39m
[34m2025-10-09 22:37:28 debug: GET /api/auth/debug-auth - Origin: http://localhost:3001 - Cookie: Present[39m
[32m2025-10-09 22:37:28 info: Debug auth endpoint called[39m
[34m2025-10-09 22:37:28 debug: GET /api/auth/debug-auth - Origin: http://localhost:3001 - Cookie: Present[39m
[32m2025-10-09 22:37:28 info: Debug auth endpoint called[39m
[34m2025-10-09 22:37:28 debug: GET /api/auth/me - Origin: http://localhost:3001 - Cookie: Present[39m
[34m2025-10-09 22:37:28 debug: GET /api/auth/me - Origin: http://localhost:3001 - Cookie: Present[39m
[34m2025-10-09 22:37:28 debug: POST /api/auth/logout - Origin: http://localhost:3001 - Cookie: Present[39m
[32m2025-10-09 22:37:28 info: Owner logged out[39m
[34m2025-10-09 22:37:30 debug: GET /api/auth/debug-auth - Origin: http://localhost:3001 - Cookie: Present[39m
[32m2025-10-09 22:37:30 info: Debug auth endpoint called[39m
[34m2025-10-09 22:37:30 debug: POST /api/auth/login - Origin: http://localhost:3001 - Cookie: Present[39m
[32m2025-10-09 22:37:30 info: Successful login for owner: sa***@gmail.com[39m
[34m2025-10-09 22:37:30 debug: Setting auth cookie: maxAge=604800000, sameSite=none, secure=false[39m
[34m2025-10-09 22:37:30 debug: GET /api/auth/debug-auth - Origin: http://localhost:3001 - Cookie: Present[39m
[32m2025-10-09 22:37:30 info: Debug auth endpoint called[39m
[34m2025-10-09 22:37:30 debug: GET /api/auth/me - Origin: http://localhost:3001 - Cookie: Present[39m
[34m2025-10-09 22:37:30 debug: GET /api/auth/me - Origin: http://localhost:3001 - Cookie: Present[39m
[34m2025-10-09 22:37:31 debug: GET /api/auth/debug-auth - Origin: http://localhost:3001 - Cookie: Present[39m
[32m2025-10-09 22:37:31 info: Debug auth endpoint called[39m
[34m2025-10-09 22:37:31 debug: GET /api/auth/debug-auth - Origin: http://localhost:3001 - Cookie: Present[39m
[32m2025-10-09 22:37:31 info: Debug auth endpoint called[39m
[34m2025-10-09 22:37:31 debug: GET /api/auth/me - Origin: http://localhost:3001 - Cookie: Present[39m
[34m2025-10-09 22:37:32 debug: GET /api/auth/me - Origin: http://localhost:3001 - Cookie: Present[39m
[34m2025-10-09 22:37:32 debug: GET /api/auth/debug-auth - Origin: http://localhost:3001 - Cookie: Present[39m
[32m2025-10-09 22:37:32 info: Debug auth endpoint called[39m
[34m2025-10-09 22:37:32 debug: GET /api/auth/debug-auth - Origin: http://localhost:3001 - Cookie: Present[39m
[32m2025-10-09 22:37:32 info: Debug auth endpoint called[39m
[34m2025-10-09 22:37:32 debug: GET /api/auth/me - Origin: http://localhost:3001 - Cookie: Present[39m
[34m2025-10-09 22:37:32 debug: GET /api/auth/debug-auth - Origin: http://localhost:3001 - Cookie: Present[39m
[32m2025-10-09 22:37:32 info: Debug auth endpoint called[39m
[34m2025-10-09 22:37:32 debug: GET /api/auth/debug-auth - Origin: http://localhost:3001 - Cookie: Present[39m
[32m2025-10-09 22:37:32 info: Debug auth endpoint called[39m
[34m2025-10-09 22:37:32 debug: GET /api/auth/me - Origin: http://localhost:3001 - Cookie: Present[39m
[34m2025-10-09 22:37:32 debug: GET /api/auth/debug-auth - Origin: http://localhost:3001 - Cookie: Present[39m
[32m2025-10-09 22:37:32 info: Debug auth endpoint called[39m
[34m2025-10-09 22:37:32 debug: GET /api/auth/debug-auth - Origin: http://localhost:3001 - Cookie: Present[39m
[32m2025-10-09 22:37:32 info: Debug auth endpoint called[39m
[34m2025-10-09 22:37:33 debug: GET /api/auth/me - Origin: http://localhost:3001 - Cookie: Present[39m
[34m2025-10-09 22:37:33 debug: GET /api/auth/debug-auth - Origin: http://localhost:3001 - Cookie: Present[39m
[32m2025-10-09 22:37:33 info: Debug auth endpoint called[39m
[34m2025-10-09 22:37:33 debug: GET /api/auth/debug-auth - Origin: http://localhost:3001 - Cookie: Present[39m
[32m2025-10-09 22:37:33 info: Debug auth endpoint called[39m
[34m2025-10-09 22:37:33 debug: GET /api/auth/me - Origin: http://localhost:3001 - Cookie: Present[39m
[34m2025-10-09 22:37:33 debug: GET /api/auth/me - Origin: http://localhost:3001 - Cookie: Present[39m
[34m2025-10-09 22:37:33 debug: GET /api/auth/debug-auth - Origin: http://localhost:3001 - Cookie: Present[39m
[32m2025-10-09 22:37:33 info: Debug auth endpoint called[39m
[34m2025-10-09 22:37:33 debug: GET /api/auth/debug-auth - Origin: http://localhost:3001 - Cookie: Present[39m
[32m2025-10-09 22:37:33 info: Debug auth endpoint called[39m
[34m2025-10-09 22:37:33 debug: GET /api/auth/me - Origin: http://localhost:3001 - Cookie: Present[39m
[34m2025-10-09 22:37:33 debug: GET /api/auth/me - Origin: http://localhost:3001 - Cookie: Present[39m
[34m2025-10-09 22:37:33 debug: GET /api/auth/debug-auth - Origin: http://localhost:3001 - Cookie: Present[39m
[32m2025-10-09 22:37:33 info: Debug auth endpoint called[39m
[34m2025-10-09 22:37:33 debug: GET /api/auth/debug-auth - Origin: http://localhost:3001 - Cookie: Present[39m
[32m2025-10-09 22:37:33 info: Debug auth endpoint called[39m
[34m2025-10-09 22:37:33 debug: GET /api/auth/me - Origin: http://localhost:3001 - Cookie: Present[39m
[34m2025-10-09 22:37:33 debug: GET /api/auth/me - Origin: http://localhost:3001 - Cookie: Present[39m
[34m2025-10-09 22:37:33 debug: GET /api/auth/debug-auth - Origin: http://localhost:3001 - Cookie: Present[39m
[32m2025-10-09 22:37:33 info: Debug auth endpoint called[39m
[34m2025-10-09 22:37:33 debug: GET /api/auth/debug-auth - Origin: http://localhost:3001 - Cookie: Present[39m
[32m2025-10-09 22:37:33 info: Debug auth endpoint called[39m
[34m2025-10-09 22:37:34 debug: GET /api/auth/me - Origin: http://localhost:3001 - Cookie: Present[39m
[34m2025-10-09 22:37:34 debug: GET /api/auth/me - Origin: http://localhost:3001 - Cookie: Present[39m
[34m2025-10-09 22:37:34 debug: GET /api/auth/debug-auth - Origin: http://localhost:3001 - Cookie: Present[39m
[32m2025-10-09 22:37:34 info: Debug auth endpoint called[39m
[34m2025-10-09 22:37:34 debug: GET /api/auth/debug-auth - Origin: http://localhost:3001 - Cookie: Present[39m
[32m2025-10-09 22:37:34 info: Debug auth endpoint called[39m
[34m2025-10-09 22:37:34 debug: GET /api/auth/me - Origin: http://localhost:3001 - Cookie: Present[39m
[34m2025-10-09 22:37:34 debug: GET /api/auth/me - Origin: http://localhost:3001 - Cookie: Present[39m
[34m2025-10-09 22:37:34 debug: GET /api/auth/debug-auth - Origin: http://localhost:3001 - Cookie: Present[39m
[32m2025-10-09 22:37:34 info: Debug auth endpoint called[39m
[34m2025-10-09 22:37:34 debug: GET /api/auth/debug-auth - Origin: http://localhost:3001 - Cookie: Present[39m
[32m2025-10-09 22:37:34 info: Debug auth endpoint called[39m
[34m2025-10-09 22:37:34 debug: GET /api/auth/me - Origin: http://localhost:3001 - Cookie: Present[39m
[34m2025-10-09 22:37:34 debug: GET /api/auth/debug-auth - Origin: http://localhost:3001 - Cookie: Present[39m
[32m2025-10-09 22:37:34 info: Debug auth endpoint called[39m
[34m2025-10-09 22:37:34 debug: GET /api/auth/debug-auth - Origin: http://localhost:3001 - Cookie: Present[39m
[32m2025-10-09 22:37:34 info: Debug auth endpoint called[39m
[34m2025-10-09 22:37:34 debug: GET /api/auth/me - Origin: http://localhost:3001 - Cookie: Present[39m
[34m2025-10-09 22:37:34 debug: GET /api/auth/me - Origin: http://localhost:3001 - Cookie: Present[39m
[34m2025-10-09 22:37:34 debug: GET /api/auth/debug-auth - Origin: http://localhost:3001 - Cookie: Present[39m
[32m2025-10-09 22:37:34 info: Debug auth endpoint called[39m
[34m2025-10-09 22:37:34 debug: GET /api/auth/debug-auth - Origin: http://localhost:3001 - Cookie: Present[39m
[32m2025-10-09 22:37:34 info: Debug auth endpoint called[39m
[34m2025-10-09 22:37:35 debug: GET /api/auth/me - Origin: http://localhost:3001 - Cookie: Present[39m
[34m2025-10-09 22:37:35 debug: GET /api/auth/debug-auth - Origin: http://localhost:3001 - Cookie: Present[39m
[32m2025-10-09 22:37:35 info: Debug auth endpoint called[39m
[34m2025-10-09 22:37:35 debug: GET /api/auth/debug-auth - Origin: http://localhost:3001 - Cookie: Present[39m
[32m2025-10-09 22:37:35 info: Debug auth endpoint called[39m
[34m2025-10-09 22:37:35 debug: GET /api/auth/me - Origin: http://localhost:3001 - Cookie: Present[39m
[34m2025-10-09 22:37:35 debug: GET /api/auth/debug-auth - Origin: http://localhost:3001 - Cookie: Present[39m
[32m2025-10-09 22:37:35 info: Debug auth endpoint called[39m
[34m2025-10-09 22:37:35 debug: GET /api/auth/debug-auth - Origin: http://localhost:3001 - Cookie: Present[39m
[32m2025-10-09 22:37:35 info: Debug auth endpoint called[39m
[34m2025-10-09 22:37:35 debug: GET /api/auth/me - Origin: http://localhost:3001 - Cookie: Present[39m
[34m2025-10-09 22:37:35 debug: GET /api/auth/me - Origin: http://localhost:3001 - Cookie: Present[39m
[34m2025-10-09 22:37:35 debug: GET /api/auth/debug-auth - Origin: http://localhost:3001 - Cookie: Present[39m
[32m2025-10-09 22:37:35 info: Debug auth endpoint called[39m
[34m2025-10-09 22:37:35 debug: GET /api/auth/debug-auth - Origin: http://localhost:3001 - Cookie: Present[39m
[32m2025-10-09 22:37:35 info: Debug auth endpoint called[39m
[34m2025-10-09 22:37:35 debug: GET /api/auth/me - Origin: http://localhost:3001 - Cookie: Present[39m
[34m2025-10-09 22:37:35 debug: GET /api/auth/me - Origin: http://localhost:3001 - Cookie: Present[39m
[34m2025-10-09 22:37:39 debug: GET /api/owner/restaurants - Origin: http://localhost:3001 - Cookie: Present[39m
[34m2025-10-09 22:37:39 debug: GET /api/owner/restaurants - Origin: http://localhost:3001 - Cookie: Present[39m
[34m2025-10-09 22:37:40 debug: GET /api/owner/restaurants - Origin: http://localhost:3001 - Cookie: Present[39m
[34m2025-10-09 22:37:40 debug: GET /api/owner/restaurants - Origin: http://localhost:3001 - Cookie: Present[39m
[34m2025-10-09 22:37:40 debug: GET /api/owner/menu/restaurant/68b0a1be53a11d3e9e1360f7 - Origin: http://localhost:3001 - Cookie: Present[39m
[34m2025-10-09 22:37:41 debug: GET /api/owner/menu/restaurant/68b0a1be53a11d3e9e1360f7 - Origin: http://localhost:3001 - Cookie: Present[39m
[34m2025-10-09 22:37:41 debug: GET /api/owner/menu/restaurant/68b0a1be53a11d3e9e1360f7 - Origin: http://localhost:3001 - Cookie: Present[39m
[34m2025-10-09 22:37:42 debug: GET /api/owner/offers - Origin: http://localhost:3001 - Cookie: Present[39m
[34m2025-10-09 22:37:42 debug: GET /api/owner/restaurants - Origin: http://localhost:3001 - Cookie: Present[39m
[34m2025-10-09 22:37:43 debug: GET /api/owner/restaurants - Origin: http://localhost:3001 - Cookie: Present[39m
[34m2025-10-09 22:37:43 debug: GET /api/owner/offers - Origin: http://localhost:3001 - Cookie: Present[39m
[34m2025-10-09 22:37:44 debug: GET /api/owner/restaurants - Origin: http://localhost:3001 - Cookie: Present[39m
[33m2025-10-09 22:37:44 warn: Rate limit exceeded for IP: 127.0.0.1[39m
[34m2025-10-09 22:37:44 debug: GET /api/owner/restaurants - Origin: http://localhost:3001 - Cookie: Present[39m
[33m2025-10-09 22:37:44 warn: Rate limit exceeded for IP: 127.0.0.1[39m
[34m2025-10-09 22:37:46 debug: GET /api/owner/offers - Origin: http://localhost:3001 - Cookie: Present[39m
[33m2025-10-09 22:37:46 warn: Rate limit exceeded for IP: 127.0.0.1[39m
[34m2025-10-09 22:37:46 debug: GET /api/owner/restaurants - Origin: http://localhost:3001 - Cookie: Present[39m
[33m2025-10-09 22:37:46 warn: Rate limit exceeded for IP: 127.0.0.1[39m
[34m2025-10-09 22:37:46 debug: GET /api/owner/offers - Origin: http://localhost:3001 - Cookie: Present[39m
[33m2025-10-09 22:37:46 warn: Rate limit exceeded for IP: 127.0.0.1[39m
[34m2025-10-09 22:37:46 debug: GET /api/owner/restaurants - Origin: http://localhost:3001 - Cookie: Present[39m
[33m2025-10-09 22:37:46 warn: Rate limit exceeded for IP: 127.0.0.1[39m
[33m2025-10-09 22:42:09 warn: SECURITY WARNING: Debug authentication routes are enabled[39m
[33m2025-10-09 22:42:09 warn: Debug authentication routes are enabled - these should NOT be used in production![39m
[32m2025-10-09 22:42:09 info: Server running on http://0.0.0.0:5000[39m
[32m2025-10-09 22:42:10 info: MongoDB connected[39m
[34m2025-10-09 22:55:31 debug: GET /api/auth/debug-auth[39m
[32m2025-10-09 22:55:31 info: Auth check endpoint called[39m
[34m2025-10-09 22:55:31 debug: GET /api/auth/debug-auth[39m
[32m2025-10-09 22:55:31 info: Auth check endpoint called[39m
[34m2025-10-09 22:55:31 debug: GET /api/auth/me[39m
[34m2025-10-09 22:55:32 debug: GET /api/auth/me[39m
[34m2025-10-09 22:56:11 debug: GET /api/owner/offers[39m
[34m2025-10-09 22:56:11 debug: GET /api/owner/restaurants[39m
[34m2025-10-09 22:56:11 debug: GET /api/owner/offers[39m
[34m2025-10-09 22:56:12 debug: GET /api/owner/restaurants[39m
[33m2025-10-09 22:58:25 warn: SECURITY WARNING: Debug authentication routes are enabled[39m
[33m2025-10-09 22:58:25 warn: Debug authentication routes are enabled - these should NOT be used in production![39m
[32m2025-10-09 22:58:25 info: Server running on http://0.0.0.0:5000[39m
[32m2025-10-09 22:58:26 info: MongoDB connected[39m
[33m2025-10-09 22:58:44 warn: SECURITY WARNING: Debug authentication routes are enabled[39m
[33m2025-10-09 22:58:44 warn: Debug authentication routes are enabled - these should NOT be used in production![39m
[32m2025-10-09 22:58:44 info: Server running on http://0.0.0.0:5000[39m
[32m2025-10-09 22:58:45 info: MongoDB connected[39m
[34m2025-10-09 22:59:05 debug: GET /api/auth/debug-auth[39m
[32m2025-10-09 22:59:05 info: Auth check endpoint called[39m
[34m2025-10-09 22:59:05 debug: GET /api/auth/debug-auth[39m
[32m2025-10-09 22:59:05 info: Auth check endpoint called[39m
[34m2025-10-09 22:59:05 debug: GET /api/auth/me[39m
[34m2025-10-09 22:59:05 debug: GET /api/auth/me[39m
[34m2025-10-09 22:59:08 debug: GET /api/owner/offers[39m
[34m2025-10-09 22:59:08 debug: GET /api/owner/restaurants[39m
[34m2025-10-09 22:59:08 debug: GET /api/owner/restaurants[39m
[34m2025-10-09 22:59:08 debug: GET /api/owner/offers[39m
[34m2025-10-09 23:00:33 debug: GET /api/owner/offers[39m
[34m2025-10-09 23:00:33 debug: GET /api/owner/restaurants[39m
[34m2025-10-09 23:00:33 debug: GET /api/owner/restaurants[39m
[34m2025-10-09 23:00:33 debug: GET /api/owner/offers[39m
[34m2025-10-09 23:00:41 debug: GET /api/owner/offers[39m
[34m2025-10-09 23:00:41 debug: GET /api/owner/restaurants[39m
[34m2025-10-09 23:00:51 debug: GET /api/owner/offers[39m
[34m2025-10-09 23:00:51 debug: GET /api/owner/restaurants[39m
[34m2025-10-09 23:01:29 debug: GET /api/auth/debug-auth[39m
[32m2025-10-09 23:01:29 info: Auth check endpoint called[39m
[34m2025-10-09 23:01:29 debug: GET /api/auth/me[39m
[34m2025-10-09 23:01:29 debug: GET /api/owner/offers[39m
[34m2025-10-09 23:01:29 debug: GET /api/owner/restaurants[39m
[34m2025-10-09 23:01:29 debug: GET /api/auth/me[39m
[34m2025-10-09 23:01:29 debug: GET /api/owner/offers[39m
[34m2025-10-09 23:01:29 debug: GET /api/owner/restaurants[39m
[34m2025-10-09 23:01:29 debug: GET /api/auth/me[39m
[34m2025-10-09 23:01:29 debug: GET /api/owner/restaurants[39m
[34m2025-10-09 23:01:29 debug: GET /api/owner/offers[39m
[34m2025-10-09 23:01:54 debug: GET /api/owner/offers[39m
[34m2025-10-09 23:01:54 debug: GET /api/owner/restaurants[39m
[33m2025-10-10 00:05:48 warn: SECURITY WARNING: Debug authentication routes are enabled[39m
[33m2025-10-10 00:05:48 warn: Debug authentication routes are enabled - these should NOT be used in production![39m
[32m2025-10-10 00:05:48 info: Server running on http://0.0.0.0:5000[39m
[32m2025-10-10 00:05:49 info: MongoDB connected[39m
[34m2025-10-10 00:05:50 debug: GET /api/auth/debug-auth[39m
[32m2025-10-10 00:05:50 info: Auth check endpoint called[39m
[34m2025-10-10 00:05:51 debug: GET /api/auth/me[39m
[34m2025-10-10 00:05:51 debug: GET /api/auth/me[39m
[34m2025-10-10 00:07:12 debug: GET /api/auth/debug-auth[39m
[32m2025-10-10 00:07:12 info: Auth check endpoint called[39m
[34m2025-10-10 00:07:12 debug: POST /api/auth/login[39m
[32m2025-10-10 00:07:13 info: Successful login for owner: sa***@gmail.com[39m
[34m2025-10-10 00:07:13 debug: Setting auth Cookie: [REDACTED], secure=false[39m
[34m2025-10-10 00:07:13 debug: GET /api/auth/debug-auth[39m
[32m2025-10-10 00:07:13 info: Auth check endpoint called[39m
[34m2025-10-10 00:07:13 debug: GET /api/auth/me[39m
[34m2025-10-10 00:07:13 debug: GET /api/auth/me[39m
[34m2025-10-10 00:07:18 debug: GET /api/owner/offers[39m
[34m2025-10-10 00:07:18 debug: GET /api/owner/restaurants[39m
[34m2025-10-10 00:07:18 debug: GET /api/owner/restaurants[39m
[34m2025-10-10 00:07:18 debug: GET /api/owner/offers[39m
[34m2025-10-10 00:07:25 debug: GET /api/owner/offers[39m
[34m2025-10-10 00:07:25 debug: GET /api/owner/restaurants[39m
[34m2025-10-10 00:07:25 debug: GET /api/owner/restaurants[39m
[34m2025-10-10 00:07:25 debug: GET /api/owner/offers[39m
[33m2025-10-10 17:47:47 warn: SECURITY WARNING: Debug authentication routes are enabled[39m
[33m2025-10-10 17:47:47 warn: Debug authentication routes are enabled - these should NOT be used in production![39m
[32m2025-10-10 17:47:47 info: Server running on http://0.0.0.0:5000[39m
[32m2025-10-10 17:47:48 info: MongoDB connected[39m
[34m2025-10-10 17:47:57 debug: POST /api/customers/login[39m
[32m2025-10-10 17:47:57 info: Login attempt for: sa***@gmail.com[39m
[33m2025-10-10 17:47:57 warn: Failed login attempt for non-existent account: sa***@gmail.com[39m
[34m2025-10-10 17:48:04 debug: POST /api/customers/login[39m
[32m2025-10-10 17:48:04 info: Login attempt for: sa***@gmail.com[39m
[32m2025-10-10 17:48:05 info: Successful login for customer: sa***@gmail.com[39m
[34m2025-10-10 17:48:05 debug: Setting auth Cookie: [REDACTED], secure=false[39m
[34m2025-10-10 17:48:05 debug: GET /api/customers/me[39m
[34m2025-10-10 17:48:05 debug: GET /api/customers/me[39m
[34m2025-10-10 17:48:05 debug: GET /api/customers/me[39m
[34m2025-10-10 17:48:05 debug: GET /api/customers/me[39m
[34m2025-10-10 17:48:05 debug: GET /api/offers[39m
[34m2025-10-10 17:48:06 debug: GET /api/restaurants[39m
[34m2025-10-10 17:48:06 debug: GET /api/offers[39m
[34m2025-10-10 17:48:06 debug: GET /api/restaurants[39m
[34m2025-10-10 17:48:11 debug: GET /api/auth/debug-auth[39m
[32m2025-10-10 17:48:11 info: Auth check endpoint called[39m
[34m2025-10-10 17:48:11 debug: POST /api/auth/login[39m
[32m2025-10-10 17:48:12 info: Successful login for owner: sa***@gmail.com[39m
[34m2025-10-10 17:48:12 debug: Setting auth Cookie: [REDACTED], secure=false[39m
[34m2025-10-10 17:48:12 debug: GET /api/auth/debug-auth[39m
[32m2025-10-10 17:48:12 info: Auth check endpoint called[39m
[34m2025-10-10 17:48:12 debug: GET /api/auth/me[39m
[34m2025-10-10 17:48:12 debug: GET /api/auth/me[39m
[34m2025-10-10 17:48:14 debug: POST /api/admin/auth/login[39m
[32m2025-10-10 17:48:15 info: Successful login for admin: sa***@gmail.com[39m
[34m2025-10-10 17:48:15 debug: Setting auth Cookie: [REDACTED], secure=false[39m
[34m2025-10-10 17:48:19 debug: GET /api/admin/auth/me[39m
[34m2025-10-10 17:48:19 debug: GET /api/admin/auth/me[39m
[34m2025-10-10 17:48:32 debug: GET /api/owner/restaurants[39m
[34m2025-10-10 17:48:32 debug: GET /api/owner/restaurants[39m
[34m2025-10-10 17:48:33 debug: GET /api/owner/restaurants[39m
[34m2025-10-10 17:48:33 debug: GET /api/owner/restaurants[39m
[34m2025-10-10 17:48:33 debug: GET /api/owner/menu/restaurant/68b0a1be53a11d3e9e1360f7[39m
[34m2025-10-10 17:48:33 debug: GET /api/owner/menu/restaurant/68b0a1be53a11d3e9e1360f7[39m
[34m2025-10-10 17:48:34 debug: GET /api/owner/menu/restaurant/68b0a1be53a11d3e9e1360f7[39m
[34m2025-10-10 17:48:34 debug: GET /api/owner/offers[39m
[34m2025-10-10 17:48:34 debug: GET /api/owner/restaurants[39m
[34m2025-10-10 17:48:34 debug: GET /api/owner/restaurants[39m
[34m2025-10-10 17:48:34 debug: GET /api/owner/offers[39m
[34m2025-10-10 17:50:47 debug: GET /api/owner/offers[39m
[34m2025-10-10 17:50:47 debug: GET /api/owner/restaurants[39m
[34m2025-10-10 18:03:26 debug: GET /api/auth/debug-auth[39m
[32m2025-10-10 18:03:26 info: Auth check endpoint called[39m
[34m2025-10-10 18:03:26 debug: GET /api/auth/debug-auth[39m
[32m2025-10-10 18:03:26 info: Auth check endpoint called[39m
[34m2025-10-10 18:03:26 debug: GET /api/auth/me[39m
[34m2025-10-10 18:03:26 debug: GET /api/auth/me[39m
[34m2025-10-10 18:03:27 debug: GET /api/owner/offers[39m
[34m2025-10-10 18:03:27 debug: GET /api/owner/restaurants[39m
[34m2025-10-10 18:03:27 debug: GET /api/owner/offers[39m
[34m2025-10-10 18:03:27 debug: GET /api/owner/restaurants[39m
[34m2025-10-10 18:03:31 debug: GET /api/auth/debug-auth[39m
[32m2025-10-10 18:03:31 info: Auth check endpoint called[39m
[34m2025-10-10 18:03:31 debug: GET /api/auth/debug-auth[39m
[32m2025-10-10 18:03:31 info: Auth check endpoint called[39m
[34m2025-10-10 18:03:31 debug: GET /api/auth/me[39m
[34m2025-10-10 18:03:31 debug: GET /api/owner/offers[39m
[34m2025-10-10 18:03:31 debug: GET /api/owner/restaurants[39m
[34m2025-10-10 18:03:31 debug: GET /api/auth/me[39m
[34m2025-10-10 18:03:31 debug: GET /api/owner/offers[39m
[34m2025-10-10 18:03:32 debug: GET /api/owner/restaurants[39m
[34m2025-10-10 18:03:32 debug: GET /api/auth/debug-auth[39m
[32m2025-10-10 18:03:32 info: Auth check endpoint called[39m
[34m2025-10-10 18:03:32 debug: GET /api/auth/debug-auth[39m
[32m2025-10-10 18:03:32 info: Auth check endpoint called[39m
[34m2025-10-10 18:03:32 debug: GET /api/auth/me[39m
[34m2025-10-10 18:03:32 debug: GET /api/owner/offers[39m
[34m2025-10-10 18:03:32 debug: GET /api/owner/restaurants[39m
[34m2025-10-10 18:03:33 debug: GET /api/auth/me[39m
[34m2025-10-10 18:03:33 debug: GET /api/owner/restaurants[39m
[34m2025-10-10 18:03:33 debug: GET /api/owner/offers[39m
[34m2025-10-10 18:03:40 debug: GET /api/auth/debug-auth[39m
[32m2025-10-10 18:03:40 info: Auth check endpoint called[39m
[34m2025-10-10 18:03:40 debug: GET /api/auth/debug-auth[39m
[32m2025-10-10 18:03:40 info: Auth check endpoint called[39m
[34m2025-10-10 18:03:40 debug: GET /api/auth/debug-auth[39m
[32m2025-10-10 18:03:40 info: Auth check endpoint called[39m
[34m2025-10-10 18:03:40 debug: GET /api/auth/debug-auth[39m
[32m2025-10-10 18:03:40 info: Auth check endpoint called[39m
[34m2025-10-10 18:03:40 debug: GET /api/auth/me[39m
[34m2025-10-10 18:03:40 debug: GET /api/owner/offers[39m
[34m2025-10-10 18:03:40 debug: GET /api/owner/restaurants[39m
[34m2025-10-10 18:03:40 debug: GET /api/owner/restaurants[39m
[34m2025-10-10 18:03:40 debug: GET /api/auth/me[39m
[34m2025-10-10 18:03:40 debug: GET /api/owner/offers[39m
[34m2025-10-10 18:03:59 debug: GET /api/auth/debug-auth[39m
[32m2025-10-10 18:03:59 info: Auth check endpoint called[39m
[34m2025-10-10 18:03:59 debug: GET /api/auth/debug-auth[39m
[32m2025-10-10 18:03:59 info: Auth check endpoint called[39m
[34m2025-10-10 18:03:59 debug: GET /api/auth/me[39m
[34m2025-10-10 18:03:59 debug: GET /api/owner/offers[39m
[34m2025-10-10 18:03:59 debug: GET /api/owner/restaurants[39m
[34m2025-10-10 18:03:59 debug: GET /api/auth/me[39m
[34m2025-10-10 18:03:59 debug: GET /api/owner/restaurants[39m
[34m2025-10-10 18:03:59 debug: GET /api/owner/offers[39m
[34m2025-10-10 18:05:28 debug: GET /api/owner/offers[39m
[34m2025-10-10 18:05:28 debug: GET /api/owner/restaurants[39m
[34m2025-10-10 18:05:56 debug: GET /api/owner/offers[39m
[34m2025-10-10 18:05:56 debug: GET /api/owner/restaurants[39m
[34m2025-10-10 18:14:32 debug: GET /api/owner/offers[39m
[34m2025-10-10 18:14:32 debug: GET /api/owner/restaurants[39m
[34m2025-10-10 18:17:22 debug: GET /api/auth/debug-auth[39m
[32m2025-10-10 18:17:22 info: Auth check endpoint called[39m
[34m2025-10-10 18:17:22 debug: GET /api/auth/debug-auth[39m
[32m2025-10-10 18:17:22 info: Auth check endpoint called[39m
[34m2025-10-10 18:17:23 debug: GET /api/auth/me[39m
[34m2025-10-10 18:17:23 debug: GET /api/owner/offers[39m
[34m2025-10-10 18:17:23 debug: GET /api/owner/restaurants[39m
[34m2025-10-10 18:17:23 debug: GET /api/auth/me[39m
[34m2025-10-10 18:17:24 debug: GET /api/owner/offers[39m
[34m2025-10-10 18:17:27 debug: GET /api/owner/restaurants[39m
[34m2025-10-10 18:17:33 debug: GET /api/auth/debug-auth[39m
[32m2025-10-10 18:17:33 info: Auth check endpoint called[39m
[34m2025-10-10 18:17:33 debug: GET /api/auth/debug-auth[39m
[32m2025-10-10 18:17:33 info: Auth check endpoint called[39m
[34m2025-10-10 18:17:34 debug: GET /api/auth/me[39m
[34m2025-10-10 18:17:34 debug: GET /api/owner/offers[39m
[34m2025-10-10 18:17:34 debug: GET /api/owner/restaurants[39m
[34m2025-10-10 18:17:34 debug: GET /api/auth/me[39m
[34m2025-10-10 18:17:35 debug: GET /api/owner/restaurants[39m
[34m2025-10-10 18:17:35 debug: GET /api/owner/offers[39m
[34m2025-10-10 18:17:40 debug: GET /api/owner/restaurants[39m
[34m2025-10-10 18:17:40 debug: GET /api/owner/restaurants[39m
[34m2025-10-10 18:17:41 debug: GET /api/owner/restaurants[39m
[34m2025-10-10 18:17:42 debug: GET /api/owner/restaurants[39m
[34m2025-10-10 18:17:42 debug: GET /api/owner/menu/restaurant/68b0a1be53a11d3e9e1360f7[39m
[34m2025-10-10 18:17:42 debug: GET /api/owner/menu/restaurant/68b0a1be53a11d3e9e1360f7[39m
[34m2025-10-10 18:17:43 debug: GET /api/owner/menu/restaurant/68b0a1be53a11d3e9e1360f7[39m
[34m2025-10-10 18:17:45 debug: GET /api/owner/offers[39m
[34m2025-10-10 18:17:45 debug: GET /api/owner/restaurants[39m
[34m2025-10-10 18:17:45 debug: GET /api/owner/restaurants[39m
[34m2025-10-10 18:17:45 debug: GET /api/owner/offers[39m
[34m2025-10-10 18:17:46 debug: GET /api/owner/restaurants[39m
[34m2025-10-10 18:17:46 debug: GET /api/owner/restaurants[39m
[34m2025-10-10 18:17:46 debug: GET /api/owner/menu/restaurant/68b0a1be53a11d3e9e1360f7[39m
[34m2025-10-10 18:17:47 debug: GET /api/owner/menu/restaurant/68b0a1be53a11d3e9e1360f7[39m
[34m2025-10-10 18:17:48 debug: GET /api/owner/menu/restaurant/68b0a1be53a11d3e9e1360f7[39m
[34m2025-10-10 18:26:38 debug: GET /api/auth/debug-auth[39m
[32m2025-10-10 18:26:38 info: Auth check endpoint called[39m
[34m2025-10-10 18:26:38 debug: GET /api/auth/debug-auth[39m
[32m2025-10-10 18:26:38 info: Auth check endpoint called[39m
[34m2025-10-10 18:26:38 debug: GET /api/auth/me[39m
[34m2025-10-10 18:26:38 debug: GET /api/owner/restaurants[39m
[34m2025-10-10 18:26:39 debug: GET /api/owner/restaurants[39m
[34m2025-10-10 18:26:39 debug: GET /api/auth/me[39m
[34m2025-10-10 18:26:39 debug: GET /api/owner/menu/restaurant/68b0a1be53a11d3e9e1360f7[39m
[34m2025-10-10 18:26:39 debug: GET /api/owner/menu/restaurant/68b0a1be53a11d3e9e1360f7[39m
[34m2025-10-10 18:26:39 debug: GET /api/owner/menu/restaurant/68b0a1be53a11d3e9e1360f7[39m
[34m2025-10-10 18:26:45 debug: GET /api/owner/restaurants[39m
[34m2025-10-10 18:26:45 debug: GET /api/owner/restaurants[39m
[34m2025-10-10 18:26:47 debug: GET /api/owner/restaurants[39m
[34m2025-10-10 18:26:48 debug: GET /api/owner/restaurants[39m
[34m2025-10-10 18:26:49 debug: GET /api/owner/menu/restaurant/68b0a1be53a11d3e9e1360f7[39m
[34m2025-10-10 18:26:49 debug: GET /api/owner/menu/restaurant/68b0a1be53a11d3e9e1360f7[39m
[34m2025-10-10 18:26:49 debug: GET /api/owner/menu/restaurant/68b0a1be53a11d3e9e1360f7[39m
[34m2025-10-10 18:28:05 debug: GET /api/owner/restaurants[39m
[34m2025-10-10 18:28:05 debug: GET /api/owner/menu/restaurant/68b0a1be53a11d3e9e1360f7[39m
[34m2025-10-10 18:28:06 debug: GET /api/owner/menu/restaurant/68b0a1be53a11d3e9e1360f7[39m
[34m2025-10-10 18:28:10 debug: GET /api/owner/offers[39m
[34m2025-10-10 18:28:10 debug: GET /api/owner/restaurants[39m
[34m2025-10-10 18:28:10 debug: GET /api/owner/restaurants[39m
[34m2025-10-10 18:28:11 debug: GET /api/owner/offers[39m
[34m2025-10-10 18:28:12 debug: GET /api/owner/restaurants[39m
[34m2025-10-10 18:28:12 debug: GET /api/owner/restaurants[39m
[34m2025-10-10 18:28:12 debug: GET /api/owner/tables/restaurant/68b0a1be53a11d3e9e1360f7[39m
[34m2025-10-10 18:28:12 debug: GET /api/owner/tables/restaurant/68b0a46c53a11d3e9e13613c[39m
[34m2025-10-10 18:28:13 debug: GET /api/owner/tables/restaurant/68b14a541f1d982dc1a5f57c[39m
[34m2025-10-10 18:28:13 debug: GET /api/owner/tables/restaurant/68b0a1be53a11d3e9e1360f7[39m
[34m2025-10-10 18:28:13 debug: GET /api/owner/tables/restaurant/68b0a46c53a11d3e9e13613c[39m
[34m2025-10-10 18:28:13 debug: GET /api/owner/tables/restaurant/68b14a541f1d982dc1a5f57c[39m
[33m2025-11-21 17:34:16 warn: SECURITY WARNING: Debug authentication routes are enabled[39m
[33m2025-11-21 17:34:16 warn: Debug authentication routes are enabled - these should NOT be used in production![39m
[32m2025-11-21 17:34:16 info: Server running on http://0.0.0.0:5000[39m
[32m2025-11-21 17:34:19 info: MongoDB connected[39m
[34m2025-11-21 17:34:29 debug: POST /api/customers/login[39m
[32m2025-11-21 17:34:29 info: Login attempt for: sa***@gmail.com[39m
[33m2025-11-21 17:34:29 warn: Failed login attempt for non-existent account: sa***@gmail.com[39m
[34m2025-11-21 17:34:35 debug: POST /api/customers/login[39m
[32m2025-11-21 17:34:35 info: Login attempt for: sa***@gmail.com[39m
[32m2025-11-21 17:34:36 info: Successful login for customer: sa***@gmail.com[39m
[34m2025-11-21 17:34:36 debug: Setting auth Cookie: [REDACTED], secure=false[39m
[34m2025-11-21 17:34:36 debug: GET /api/customers/me[39m
[34m2025-11-21 17:34:36 debug: GET /api/customers/me[39m
[34m2025-11-21 17:34:37 debug: GET /api/customers/me[39m
[34m2025-11-21 17:34:37 debug: GET /api/customers/me[39m
[34m2025-11-21 17:34:38 debug: GET /api/restaurants[39m
[34m2025-11-21 17:34:38 debug: GET /api/offers[39m
[34m2025-11-21 17:34:38 debug: GET /api/restaurants[39m
[34m2025-11-21 17:34:39 debug: GET /api/offers[39m
[34m2025-11-21 17:34:55 debug: POST /api/admin/auth/login[39m
[33m2025-11-21 17:34:55 warn: Failed login attempt for non-existent admin account: sa***@gmail.com[39m
[34m2025-11-21 17:34:59 debug: POST /api/admin/auth/login[39m
[32m2025-11-21 17:35:00 info: Successful login for admin: sa***@gmail.com[39m
[34m2025-11-21 17:35:00 debug: Setting auth Cookie: [REDACTED], secure=false[39m
[34m2025-11-21 17:35:08 debug: GET /api/auth/debug-auth[39m
[32m2025-11-21 17:35:08 info: Auth check endpoint called[39m
[34m2025-11-21 17:35:08 debug: POST /api/auth/login[39m
[32m2025-11-21 17:35:08 info: Successful login for owner: ki***@gmail.com[39m
[34m2025-11-21 17:35:08 debug: Setting auth Cookie: [REDACTED], secure=false[39m
[34m2025-11-21 17:35:08 debug: GET /api/auth/debug-auth[39m
[32m2025-11-21 17:35:08 info: Auth check endpoint called[39m
[34m2025-11-21 17:35:08 debug: GET /api/auth/me[39m
[34m2025-11-21 17:35:08 debug: GET /api/auth/me[39m
[34m2025-11-21 17:37:09 debug: GET /api/customers/me[39m
[34m2025-11-21 17:37:09 debug: GET /api/customers/me[39m
[34m2025-11-21 17:38:11 debug: GET /api/restaurants[39m
[34m2025-11-21 17:38:11 debug: GET /api/restaurants[39m
[34m2025-11-21 17:38:12 debug: GET /api/offers[39m
[34m2025-11-21 17:38:13 debug: GET /api/offers[39m
[34m2025-11-21 17:38:14 debug: GET /api/bookings/customer[39m
[34m2025-11-21 17:38:14 debug: GET /api/bookings/customer[39m
[34m2025-11-21 17:38:17 debug: GET /api/bookings/customer[39m
[34m2025-11-21 17:38:18 debug: GET /api/bookings/customer[39m
[34m2025-11-21 17:38:19 debug: GET /api/bookings/customer[39m
[34m2025-11-21 17:38:21 debug: GET /api/offers[39m
[34m2025-11-21 17:38:21 debug: GET /api/restaurants[39m
[34m2025-11-21 17:38:21 debug: GET /api/offers[39m
[34m2025-11-21 17:38:21 debug: GET /api/restaurants[39m
[34m2025-11-21 17:38:25 debug: POST /api/customers/login[39m
[32m2025-11-21 17:38:25 info: Login attempt for: sa***@gmail.com[39m
[32m2025-11-21 17:38:26 info: Successful login for customer: sa***@gmail.com[39m
[34m2025-11-21 17:38:26 debug: Setting auth Cookie: [REDACTED], secure=false[39m
[34m2025-11-21 17:38:26 debug: GET /api/customers/me[39m
[34m2025-11-21 17:38:26 debug: GET /api/customers/me[39m
[34m2025-11-21 17:38:26 debug: GET /api/customers/me[39m
[34m2025-11-21 17:38:26 debug: GET /api/customers/me[39m
[34m2025-11-21 17:38:26 debug: GET /api/offers[39m
[34m2025-11-21 17:38:26 debug: GET /api/restaurants[39m
[34m2025-11-21 17:38:27 debug: GET /api/restaurants[39m
[34m2025-11-21 17:38:27 debug: GET /api/offers[39m
[34m2025-11-21 17:42:13 debug: GET /api/offers[39m
[34m2025-11-21 17:42:13 debug: GET /api/offers[39m
[34m2025-11-21 17:52:33 debug: GET /api/customers/me[39m
[34m2025-11-21 17:52:33 debug: GET /api/customers/me[39m
[34m2025-11-21 17:52:33 debug: GET /api/customers/me[39m
[34m2025-11-21 17:52:33 debug: GET /api/customers/me[39m
[34m2025-11-21 17:52:34 debug: GET /api/offers[39m
[34m2025-11-21 17:52:34 debug: GET /api/restaurants[39m
[34m2025-11-21 17:52:34 debug: GET /api/restaurants[39m
[34m2025-11-21 17:52:34 debug: GET /api/offers[39m
[34m2025-11-21 17:52:43 debug: GET /api/restaurants[39m
[34m2025-11-21 17:52:43 debug: GET /api/restaurants[39m
[34m2025-11-21 17:52:49 debug: GET /api/offers[39m
[34m2025-11-21 17:52:50 debug: GET /api/offers[39m
[34m2025-11-21 17:52:51 debug: GET /api/bookings/customer[39m
[34m2025-11-21 17:52:51 debug: GET /api/bookings/customer[39m
[34m2025-11-21 17:52:53 debug: GET /api/restaurants[39m
[34m2025-11-21 17:52:53 debug: GET /api/restaurants[39m
[34m2025-11-21 17:53:11 debug: GET /api/offers[39m
[34m2025-11-21 17:53:11 debug: GET /api/offers[39m
[34m2025-11-21 17:53:24 debug: GET /api/bookings/customer[39m
[34m2025-11-21 17:53:24 debug: GET /api/bookings/customer[39m
[34m2025-11-21 17:58:49 debug: GET /api/customers/me[39m
[34m2025-11-21 17:58:49 debug: GET /api/customers/me[39m
[34m2025-11-21 17:58:49 debug: GET /api/customers/me[39m
[34m2025-11-21 17:58:49 debug: GET /api/customers/me[39m
[34m2025-11-21 17:58:50 debug: GET /api/bookings/customer[39m
[34m2025-11-21 17:58:50 debug: GET /api/bookings/customer[39m
[34m2025-11-21 18:02:37 debug: GET /api/restaurants[39m
[34m2025-11-21 18:02:37 debug: GET /api/restaurants[39m
[34m2025-11-21 18:02:42 debug: GET /api/offers[39m
[34m2025-11-21 18:02:42 debug: GET /api/offers[39m
[34m2025-11-21 18:02:44 debug: GET /api/offers[39m
[34m2025-11-21 18:02:44 debug: GET /api/restaurants[39m
[34m2025-11-21 18:02:44 debug: GET /api/restaurants[39m
[34m2025-11-21 18:02:44 debug: GET /api/offers[39m
[34m2025-11-21 18:10:09 debug: GET /api/auth/me[39m
[33m2025-11-21 18:10:09 warn: Unauthorized owner access attempt: {"customerId":"68c7926910b869eb13c65a09","role":"customer","iat":1763726006,"jti":"f0618a2831b04b906f08c2e23b932fbf","exp":1764330806}[39m
[34m2025-11-21 18:10:09 debug: GET /api/auth/me[39m
[33m2025-11-21 18:10:09 warn: Unauthorized owner access attempt: {"customerId":"68c7926910b869eb13c65a09","role":"customer","iat":1763726006,"jti":"f0618a2831b04b906f08c2e23b932fbf","exp":1764330806}[39m
[34m2025-11-21 18:10:09 debug: POST /api/auth/logout[39m
[32m2025-11-21 18:10:09 info: Owner logged out[39m
[34m2025-11-21 18:10:09 debug: POST /api/auth/logout[39m
[32m2025-11-21 18:10:09 info: Owner logged out[39m
[34m2025-11-21 18:23:49 debug: POST /api/auth/login[39m
[32m2025-11-21 18:23:50 info: Successful login for owner: ki***@gmail.com[39m
[34m2025-11-21 18:23:50 debug: Setting auth Cookie: [REDACTED], secure=false[39m
[34m2025-11-21 18:23:50 debug: GET /api/auth/me[39m
[34m2025-11-21 18:23:50 debug: GET /api/auth/me[39m
[34m2025-11-21 18:23:50 debug: GET /api/auth/me[39m
[34m2025-11-21 18:23:50 debug: GET /api/auth/me[39m
[34m2025-11-21 18:23:54 debug: GET /api/owner/restaurants[39m
[34m2025-11-21 18:23:54 debug: GET /api/owner/restaurants[39m
[34m2025-11-21 18:23:56 debug: GET /api/owner/restaurants[39m
[34m2025-11-21 18:23:56 debug: GET /api/owner/restaurants[39m
[34m2025-11-21 18:23:56 debug: GET /api/owner/menu/restaurant/68b0a4c353a11d3e9e13613f[39m
[34m2025-11-21 18:23:58 debug: GET /api/owner/restaurants[39m
[34m2025-11-21 18:23:59 debug: GET /api/owner/restaurants[39m
[34m2025-11-21 18:23:59 debug: GET /api/owner/tables/restaurant/68b0a4c353a11d3e9e13613f[39m
[34m2025-11-21 18:23:59 debug: GET /api/owner/tables/restaurant/68b0a4c353a11d3e9e13613f[39m
[34m2025-11-21 18:24:01 debug: GET /api/owner/restaurants[39m
[34m2025-11-21 18:24:01 debug: GET /api/owner/restaurants[39m
[34m2025-11-21 18:24:01 debug: GET /api/owner/menu/restaurant/68b0a4c353a11d3e9e13613f[39m
[34m2025-11-21 18:32:38 debug: GET /api/owner/restaurants[39m
[34m2025-11-21 18:32:38 debug: GET /api/owner/restaurants[39m
[34m2025-11-21 18:32:38 debug: GET /api/owner/menu/restaurant/68b0a4c353a11d3e9e13613f[39m
[34m2025-11-21 18:42:58 debug: GET /api/owner/restaurants[39m
[34m2025-11-21 18:42:58 debug: GET /api/owner/restaurants[39m
[34m2025-11-21 18:42:59 debug: GET /api/owner/restaurants[39m
[34m2025-11-21 18:42:59 debug: GET /api/owner/restaurants[39m
[34m2025-11-21 18:42:59 debug: GET /api/owner/menu/restaurant/68b0a4c353a11d3e9e13613f[39m
[34m2025-11-21 18:43:01 debug: GET /api/owner/restaurants[39m
[34m2025-11-21 18:43:01 debug: GET /api/owner/restaurants[39m
[34m2025-11-21 18:43:01 debug: GET /api/owner/tables/restaurant/68b0a4c353a11d3e9e13613f[39m
[34m2025-11-21 18:43:01 debug: GET /api/owner/tables/restaurant/68b0a4c353a11d3e9e13613f[39m
[34m2025-11-21 18:43:05 debug: GET /api/owner/restaurants[39m
[34m2025-11-21 18:43:05 debug: GET /api/owner/restaurants[39m
[34m2025-11-21 18:43:05 debug: GET /api/owner/menu/restaurant/68b0a4c353a11d3e9e13613f[39m
[34m2025-11-21 18:53:29 debug: GET /api/auth/me[39m
[34m2025-11-21 18:53:29 debug: GET /api/auth/me[39m
[34m2025-11-21 18:53:29 debug: GET /api/auth/me[39m
[34m2025-11-21 18:53:29 debug: GET /api/owner/restaurants[39m
[34m2025-11-21 18:53:29 debug: GET /api/auth/me[39m
[34m2025-11-21 18:53:29 debug: GET /api/owner/restaurants[39m
[34m2025-11-21 18:53:30 debug: GET /api/owner/menu/restaurant/68b0a4c353a11d3e9e13613f[39m
[34m2025-11-21 18:57:00 debug: GET /api/auth/me[39m
[34m2025-11-21 18:57:00 debug: GET /api/auth/me[39m
[34m2025-11-21 18:57:01 debug: GET /api/owner/restaurants[39m
[34m2025-11-21 18:57:01 debug: GET /api/owner/restaurants[39m
[34m2025-11-21 18:57:03 debug: GET /api/owner/restaurants[39m
[34m2025-11-21 18:57:03 debug: GET /api/owner/restaurants[39m
[34m2025-11-21 18:57:03 debug: GET /api/owner/menu/restaurant/68b0a4c353a11d3e9e13613f[39m
[34m2025-11-21 18:57:04 debug: GET /api/owner/restaurants[39m
[34m2025-11-21 18:57:04 debug: GET /api/owner/restaurants[39m
[34m2025-11-21 18:57:05 debug: GET /api/owner/tables/restaurant/68b0a4c353a11d3e9e13613f[39m
[34m2025-11-21 18:57:05 debug: GET /api/owner/tables/restaurant/68b0a4c353a11d3e9e13613f[39m
[34m2025-11-21 18:57:06 debug: GET /api/owner/bookings[39m
[34m2025-11-21 18:57:06 debug: GET /api/owner/bookings[39m
[34m2025-11-21 18:57:07 debug: GET /api/owner/offers[39m
[34m2025-11-21 18:57:07 debug: GET /api/owner/restaurants[39m
[34m2025-11-21 18:57:07 debug: GET /api/owner/offers[39m
[34m2025-11-21 18:57:07 debug: GET /api/owner/restaurants[39m
[34m2025-11-21 18:57:09 debug: GET /api/auth/me[39m
[34m2025-11-21 18:57:09 debug: GET /api/auth/me[39m
[34m2025-11-21 18:57:12 debug: GET /api/auth/me[39m
[34m2025-11-21 18:57:12 debug: GET /api/auth/me[39m
[34m2025-11-21 18:57:53 debug: GET /api/owner/restaurants[39m
[34m2025-11-21 18:57:53 debug: GET /api/owner/restaurants[39m
[34m2025-11-21 18:57:58 debug: GET /api/owner/restaurants[39m
[34m2025-11-21 18:57:58 debug: GET /api/owner/restaurants[39m
[34m2025-11-21 18:57:58 debug: GET /api/owner/menu/restaurant/68b0a4c353a11d3e9e13613f[39m
[34m2025-11-21 18:58:00 debug: GET /api/owner/restaurants[39m
[34m2025-11-21 18:58:00 debug: GET /api/owner/restaurants[39m
[34m2025-11-21 18:58:00 debug: GET /api/owner/tables/restaurant/68b0a4c353a11d3e9e13613f[39m
[34m2025-11-21 18:58:00 debug: GET /api/owner/tables/restaurant/68b0a4c353a11d3e9e13613f[39m
[34m2025-11-21 18:58:02 debug: GET /api/owner/bookings[39m
[34m2025-11-21 18:58:02 debug: GET /api/owner/bookings[39m
[34m2025-11-21 19:15:45 debug: GET /api/auth/me[39m
[34m2025-11-21 19:15:45 debug: GET /api/auth/me[39m
[34m2025-11-21 19:15:54 debug: GET /api/owner/restaurants[39m
[34m2025-11-21 19:15:55 debug: GET /api/owner/restaurants[39m
[34m2025-11-21 19:15:56 debug: GET /api/owner/restaurants[39m
[34m2025-11-21 19:15:56 debug: GET /api/owner/restaurants[39m
[34m2025-11-21 19:15:56 debug: GET /api/owner/menu/restaurant/68b0a4c353a11d3e9e13613f[39m
[34m2025-11-21 19:15:59 debug: GET /api/auth/me[39m
[34m2025-11-21 19:15:59 debug: GET /api/auth/me[39m
[34m2025-11-21 19:17:17 debug: GET /api/auth/me[39m
[34m2025-11-21 19:35:13 debug: GET /api/auth/me[39m
[34m2025-11-21 19:35:14 debug: GET /api/auth/me[39m
[34m2025-11-21 19:35:15 debug: GET /api/auth/me[39m
[34m2025-11-21 19:35:15 debug: GET /api/auth/me[39m
[34m2025-11-21 19:35:15 debug: GET /api/auth/me[39m
[34m2025-11-21 19:35:15 debug: GET /api/auth/me[39m
[34m2025-11-21 19:35:20 debug: GET /api/auth/me[39m
[34m2025-11-21 19:35:20 debug: GET /api/auth/me[39m
[34m2025-11-21 19:35:22 debug: GET /api/auth/me[39m
[34m2025-11-21 19:35:22 debug: GET /api/auth/me[39m
[34m2025-11-21 19:43:36 debug: GET /api/auth/me[39m
[34m2025-11-21 19:43:36 debug: GET /api/auth/me[39m
[34m2025-11-21 19:43:37 debug: GET /api/owner/dashboard/stats[39m
[34m2025-11-21 19:43:37 debug: GET /api/owner/dashboard/stats[39m
